<?xml version="1.0" encoding="UTF-8"?>
<!-- Generated by org.testng.reporters.JUnitXMLReporter -->
<testsuite hostname="NguyenPT.local" ignored="0" name="WalletHubReview" tests="1" failures="1" timestamp="26 Dec 2016 04:32:33 GMT" time="30.384" errors="0">
  <testcase name="WalletHubReviewVerify" time="20.121" classname="wallethub.suites.WalletHubReview">
    <failure type="java.lang.AssertionError" message="expected [true] but found [false]">
      <![CDATA[java.lang.AssertionError: expected [true] but found [false]
	at wallethub.resources.ProfileScreen.verifyActivity(ProfileScreen.java:71)
	at wallethub.suites.WalletHubReview.WalletHubReviewVerify(WalletHubReview.java:64)
... Removed 29 stack frames]]>
    </failure>
  </testcase> <!-- WalletHubReviewVerify -->
</testsuite> <!-- WalletHubReview -->
