<?xml version="1.0" encoding="UTF-8"?>
<testng-results skipped="0" failed="0" ignored="0" total="1" passed="1">
  <reporter-output>
  </reporter-output>
  <suite name="Default suite" duration-ms="14468" started-at="2016-12-26T03:35:59Z" finished-at="2016-12-26T03:36:14Z">
    <groups>
    </groups>
    <test name="Default test" duration-ms="14468" started-at="2016-12-26T03:35:59Z" finished-at="2016-12-26T03:36:14Z">
      <class name="facebookmessage.suites.FacebookMessage">
        <test-method status="PASS" signature="beforeTest()[pri:0, instance:facebookmessage.suites.FacebookMessage@6cc4c815]" name="beforeTest" is-config="true" duration-ms="2798" started-at="2016-12-26T10:35:59Z" finished-at="2016-12-26T10:36:02Z">
          <reporter-output>
          </reporter-output>
        </test-method> <!-- beforeTest -->
        <test-method status="PASS" signature="postAFacebookMessage()[pri:0, instance:facebookmessage.suites.FacebookMessage@6cc4c815]" name="postAFacebookMessage" duration-ms="11541" started-at="2016-12-26T10:36:02Z" finished-at="2016-12-26T10:36:13Z">
          <reporter-output>
          </reporter-output>
        </test-method> <!-- postAFacebookMessage -->
        <test-method status="PASS" signature="afterTest()[pri:0, instance:facebookmessage.suites.FacebookMessage@6cc4c815]" name="afterTest" is-config="true" duration-ms="116" started-at="2016-12-26T10:36:13Z" finished-at="2016-12-26T10:36:14Z">
          <reporter-output>
          </reporter-output>
        </test-method> <!-- afterTest -->
      </class> <!-- facebookmessage.suites.FacebookMessage -->
    </test> <!-- Default test -->
  </suite> <!-- Default suite -->
</testng-results>
